<?xml version="1.0" encoding="UTF-8"?>
<!-- Generated by org.testng.reporters.JUnitReportReporter -->
<testsuite skipped="0" hostname="neerajs-mbp.lan" name="JSONBlobTest.JsonBlob" tests="4" failures="0" timestamp="15 Feb 2019 19:41:28 GMT" time="4.897" errors="0">
  <testcase name="createBlob" time="1.678" classname="JSONBlobTest.JsonBlob"/>
  <testcase name="getBlob" time="0.999" classname="JSONBlobTest.JsonBlob"/>
  <testcase name="updateBlob" time="0.622" classname="JSONBlobTest.JsonBlob"/>
  <testcase name="deleteBlob" time="1.598" classname="JSONBlobTest.JsonBlob"/>
</testsuite> <!-- JSONBlobTest.JsonBlob -->
